[24-Oct-2015 13:28:23 EST5EDT] PHP Warning:  session_start() [<a href='function.session-start'>function.session-start</a>]: open(/var/php_sessions/sess_281aaabb401ec169da007eec92665dd3, O_RDWR) failed: No such file or directory (2) in /hermes/walnaweb04a/b798/moo.ctsdotcom1/index.php on line 16
[24-Oct-2015 13:28:23 EST5EDT] PHP Warning:  session_start() [<a href='function.session-start'>function.session-start</a>]: Cannot send session cache limiter - headers already sent (output started at /hermes/walnaweb04a/b798/moo.ctsdotcom1/index.php:16) in /hermes/walnaweb04a/b798/moo.ctsdotcom1/index.php on line 16
[24-Oct-2015 13:28:23 EST5EDT] PHP Notice:  Undefined index: area in /hermes/walnaweb04a/b798/moo.ctsdotcom1/index.php on line 17
[24-Oct-2015 13:28:23 EST5EDT] PHP Notice:  Undefined index: user in /hermes/walnaweb04a/b798/moo.ctsdotcom1/index.php on line 18
[24-Oct-2015 13:28:23 EST5EDT] PHP Notice:  Undefined variable: test_strap in /hermes/walnaweb04a/b798/moo.ctsdotcom1/sidebar.php on line 39
[24-Oct-2015 13:28:23 EST5EDT] PHP Notice:  Undefined variable: test_strap in /hermes/walnaweb04a/b798/moo.ctsdotcom1/sidebar.php on line 57
[24-Oct-2015 13:28:23 EST5EDT] PHP Notice:  Undefined variable: test_strap in /hermes/walnaweb04a/b798/moo.ctsdotcom1/tail.php on line 39
[24-Oct-2015 13:28:23 EST5EDT] PHP Notice:  Undefined variable: test_strap in /hermes/walnaweb04a/b798/moo.ctsdotcom1/tail.php on line 62
[24-Oct-2015 13:28:23 EST5EDT] PHP Notice:  Use of undefined constant DOCUMENT_ROOT - assumed 'DOCUMENT_ROOT' in /hermes/walnaweb04a/b798/moo.ctsdotcom1/widgets.php on line 24
[24-Oct-2015 13:28:23 EST5EDT] PHP Notice:  Use of undefined constant DOCUMENT_ROOT - assumed 'DOCUMENT_ROOT' in /hermes/walnaweb04a/b798/moo.ctsdotcom1/widgets.php on line 33
[24-Oct-2015 13:28:23 EST5EDT] PHP Notice:  Undefined variable: realestate_menu in /hermes/walnaweb04a/b798/moo.ctsdotcom1/index_menus_fix.php on line 359
[24-Oct-2015 13:28:23 EST5EDT] PHP Warning:  Unknown: open(/var/php_sessions/sess_281aaabb401ec169da007eec92665dd3, O_RDWR) failed: No such file or directory (2) in Unknown on line 0
[24-Oct-2015 13:28:23 EST5EDT] PHP Warning:  Unknown: Failed to write session data (files). Please verify that the current setting of session.save_path is correct (/var/php_sessions) in Unknown on line 0
[24-Oct-2015 13:28:53 EST5EDT] PHP Warning:  session_start() [<a href='function.session-start'>function.session-start</a>]: open(/var/php_sessions/sess_281aaabb401ec169da007eec92665dd3, O_RDWR) failed: No such file or directory (2) in /hermes/walnaweb04a/b798/moo.ctsdotcom1/index.php on line 16
[24-Oct-2015 13:28:53 EST5EDT] PHP Warning:  session_start() [<a href='function.session-start'>function.session-start</a>]: Cannot send session cache limiter - headers already sent (output started at /hermes/walnaweb04a/b798/moo.ctsdotcom1/index.php:16) in /hermes/walnaweb04a/b798/moo.ctsdotcom1/index.php on line 16
[24-Oct-2015 13:28:53 EST5EDT] PHP Notice:  Undefined index: area in /hermes/walnaweb04a/b798/moo.ctsdotcom1/index.php on line 17
[24-Oct-2015 13:28:53 EST5EDT] PHP Notice:  Undefined index: user in /hermes/walnaweb04a/b798/moo.ctsdotcom1/index.php on line 18
[24-Oct-2015 13:28:53 EST5EDT] PHP Notice:  Undefined variable: test_strap in /hermes/walnaweb04a/b798/moo.ctsdotcom1/sidebar.php on line 39
[24-Oct-2015 13:28:53 EST5EDT] PHP Notice:  Undefined variable: test_strap in /hermes/walnaweb04a/b798/moo.ctsdotcom1/sidebar.php on line 57
[24-Oct-2015 13:28:53 EST5EDT] PHP Notice:  Undefined variable: test_strap in /hermes/walnaweb04a/b798/moo.ctsdotcom1/tail.php on line 39
[24-Oct-2015 13:28:53 EST5EDT] PHP Notice:  Undefined variable: test_strap in /hermes/walnaweb04a/b798/moo.ctsdotcom1/tail.php on line 62
[24-Oct-2015 13:28:53 EST5EDT] PHP Notice:  Use of undefined constant DOCUMENT_ROOT - assumed 'DOCUMENT_ROOT' in /hermes/walnaweb04a/b798/moo.ctsdotcom1/widgets.php on line 24
[24-Oct-2015 13:28:53 EST5EDT] PHP Notice:  Use of undefined constant DOCUMENT_ROOT - assumed 'DOCUMENT_ROOT' in /hermes/walnaweb04a/b798/moo.ctsdotcom1/widgets.php on line 33
[24-Oct-2015 13:28:53 EST5EDT] PHP Notice:  Undefined variable: realestate_menu in /hermes/walnaweb04a/b798/moo.ctsdotcom1/index_menus_fix.php on line 359
[24-Oct-2015 13:28:53 EST5EDT] PHP Warning:  Unknown: open(/var/php_sessions/sess_281aaabb401ec169da007eec92665dd3, O_RDWR) failed: No such file or directory (2) in Unknown on line 0
[24-Oct-2015 13:28:53 EST5EDT] PHP Warning:  Unknown: Failed to write session data (files). Please verify that the current setting of session.save_path is correct (/var/php_sessions) in Unknown on line 0
[24-Oct-2015 13:30:42 EST5EDT] PHP Warning:  session_start() [<a href='function.session-start'>function.session-start</a>]: open(/var/php_sessions/sess_66166ba64c505d31e4cceb46d156fcec, O_RDWR) failed: No such file or directory (2) in /hermes/walnaweb04a/b798/moo.ctsdotcom1/jobshow.php on line 4
[24-Oct-2015 13:30:42 EST5EDT] PHP Warning:  session_start() [<a href='function.session-start'>function.session-start</a>]: Cannot send session cookie - headers already sent by (output started at /hermes/walnaweb04a/b798/moo.ctsdotcom1/jobshow.php:4) in /hermes/walnaweb04a/b798/moo.ctsdotcom1/jobshow.php on line 4
[24-Oct-2015 13:30:42 EST5EDT] PHP Warning:  session_start() [<a href='function.session-start'>function.session-start</a>]: Cannot send session cache limiter - headers already sent (output started at /hermes/walnaweb04a/b798/moo.ctsdotcom1/jobshow.php:4) in /hermes/walnaweb04a/b798/moo.ctsdotcom1/jobshow.php on line 4
[24-Oct-2015 13:30:42 EST5EDT] PHP Notice:  A session had already been started - ignoring session_start() in /hermes/walnaweb04a/b798/moo.ctsdotcom1/inc/head.php on line 32
[24-Oct-2015 13:30:42 EST5EDT] PHP Warning:  Unknown: open(/var/php_sessions/sess_66166ba64c505d31e4cceb46d156fcec, O_RDWR) failed: No such file or directory (2) in Unknown on line 0
[24-Oct-2015 13:30:42 EST5EDT] PHP Warning:  Unknown: Failed to write session data (files). Please verify that the current setting of session.save_path is correct (/var/php_sessions) in Unknown on line 0
[24-Oct-2015 13:32:08 EST5EDT] PHP Warning:  session_start() [<a href='function.session-start'>function.session-start</a>]: open(/var/php_sessions/sess_281aaabb401ec169da007eec92665dd3, O_RDWR) failed: No such file or directory (2) in /hermes/walnaweb04a/b798/moo.ctsdotcom1/index.php on line 16
[24-Oct-2015 13:32:08 EST5EDT] PHP Warning:  session_start() [<a href='function.session-start'>function.session-start</a>]: Cannot send session cache limiter - headers already sent (output started at /hermes/walnaweb04a/b798/moo.ctsdotcom1/index.php:16) in /hermes/walnaweb04a/b798/moo.ctsdotcom1/index.php on line 16
[24-Oct-2015 13:32:08 EST5EDT] PHP Notice:  Undefined index: area in /hermes/walnaweb04a/b798/moo.ctsdotcom1/index.php on line 17
[24-Oct-2015 13:32:08 EST5EDT] PHP Notice:  Undefined index: user in /hermes/walnaweb04a/b798/moo.ctsdotcom1/index.php on line 18
[24-Oct-2015 13:32:08 EST5EDT] PHP Notice:  Undefined variable: test_strap in /hermes/walnaweb04a/b798/moo.ctsdotcom1/sidebar.php on line 39
[24-Oct-2015 13:32:08 EST5EDT] PHP Notice:  Undefined variable: test_strap in /hermes/walnaweb04a/b798/moo.ctsdotcom1/sidebar.php on line 57
[24-Oct-2015 13:32:08 EST5EDT] PHP Notice:  Undefined variable: test_strap in /hermes/walnaweb04a/b798/moo.ctsdotcom1/tail.php on line 39
[24-Oct-2015 13:32:08 EST5EDT] PHP Notice:  Undefined variable: test_strap in /hermes/walnaweb04a/b798/moo.ctsdotcom1/tail.php on line 62
[24-Oct-2015 13:32:08 EST5EDT] PHP Notice:  Use of undefined constant DOCUMENT_ROOT - assumed 'DOCUMENT_ROOT' in /hermes/walnaweb04a/b798/moo.ctsdotcom1/widgets.php on line 24
[24-Oct-2015 13:32:08 EST5EDT] PHP Notice:  Use of undefined constant DOCUMENT_ROOT - assumed 'DOCUMENT_ROOT' in /hermes/walnaweb04a/b798/moo.ctsdotcom1/widgets.php on line 33
[24-Oct-2015 13:32:08 EST5EDT] PHP Notice:  Undefined variable: realestate_menu in /hermes/walnaweb04a/b798/moo.ctsdotcom1/index_menus_fix.php on line 359
[24-Oct-2015 13:32:08 EST5EDT] PHP Warning:  Unknown: open(/var/php_sessions/sess_281aaabb401ec169da007eec92665dd3, O_RDWR) failed: No such file or directory (2) in Unknown on line 0
[24-Oct-2015 13:32:08 EST5EDT] PHP Warning:  Unknown: Failed to write session data (files). Please verify that the current setting of session.save_path is correct (/var/php_sessions) in Unknown on line 0
[24-Oct-2015 13:32:25 EST5EDT] PHP Warning:  session_start() [<a href='function.session-start'>function.session-start</a>]: open(/var/php_sessions/sess_281aaabb401ec169da007eec92665dd3, O_RDWR) failed: No such file or directory (2) in /hermes/walnaweb04a/b798/moo.ctsdotcom1/index.php on line 16
[24-Oct-2015 13:32:25 EST5EDT] PHP Warning:  session_start() [<a href='function.session-start'>function.session-start</a>]: Cannot send session cache limiter - headers already sent (output started at /hermes/walnaweb04a/b798/moo.ctsdotcom1/index.php:16) in /hermes/walnaweb04a/b798/moo.ctsdotcom1/index.php on line 16
[24-Oct-2015 13:32:25 EST5EDT] PHP Notice:  Undefined index: area in /hermes/walnaweb04a/b798/moo.ctsdotcom1/index.php on line 17
[24-Oct-2015 13:32:25 EST5EDT] PHP Notice:  Undefined index: user in /hermes/walnaweb04a/b798/moo.ctsdotcom1/index.php on line 18
[24-Oct-2015 13:32:25 EST5EDT] PHP Notice:  Undefined variable: test_strap in /hermes/walnaweb04a/b798/moo.ctsdotcom1/sidebar.php on line 39
[24-Oct-2015 13:32:25 EST5EDT] PHP Notice:  Undefined variable: test_strap in /hermes/walnaweb04a/b798/moo.ctsdotcom1/sidebar.php on line 57
[24-Oct-2015 13:32:25 EST5EDT] PHP Notice:  Undefined variable: test_strap in /hermes/walnaweb04a/b798/moo.ctsdotcom1/tail.php on line 39
[24-Oct-2015 13:32:25 EST5EDT] PHP Notice:  Undefined variable: test_strap in /hermes/walnaweb04a/b798/moo.ctsdotcom1/tail.php on line 62
[24-Oct-2015 13:32:25 EST5EDT] PHP Notice:  Use of undefined constant DOCUMENT_ROOT - assumed 'DOCUMENT_ROOT' in /hermes/walnaweb04a/b798/moo.ctsdotcom1/widgets.php on line 24
[24-Oct-2015 13:32:25 EST5EDT] PHP Notice:  Use of undefined constant DOCUMENT_ROOT - assumed 'DOCUMENT_ROOT' in /hermes/walnaweb04a/b798/moo.ctsdotcom1/widgets.php on line 33
[24-Oct-2015 13:32:25 EST5EDT] PHP Notice:  Undefined variable: realestate_menu in /hermes/walnaweb04a/b798/moo.ctsdotcom1/index_menus_fix.php on line 359
[24-Oct-2015 13:32:25 EST5EDT] PHP Warning:  Unknown: open(/var/php_sessions/sess_281aaabb401ec169da007eec92665dd3, O_RDWR) failed: No such file or directory (2) in Unknown on line 0
[24-Oct-2015 13:32:25 EST5EDT] PHP Warning:  Unknown: Failed to write session data (files). Please verify that the current setting of session.save_path is correct (/var/php_sessions) in Unknown on line 0
[24-Oct-2015 13:32:36 EST5EDT] PHP Warning:  session_start() [<a href='function.session-start'>function.session-start</a>]: open(/var/php_sessions/sess_281aaabb401ec169da007eec92665dd3, O_RDWR) failed: No such file or directory (2) in /hermes/walnaweb04a/b798/moo.ctsdotcom1/index.php on line 16
[24-Oct-2015 13:32:36 EST5EDT] PHP Warning:  session_start() [<a href='function.session-start'>function.session-start</a>]: Cannot send session cache limiter - headers already sent (output started at /hermes/walnaweb04a/b798/moo.ctsdotcom1/index.php:16) in /hermes/walnaweb04a/b798/moo.ctsdotcom1/index.php on line 16
[24-Oct-2015 13:32:36 EST5EDT] PHP Notice:  Undefined index: area in /hermes/walnaweb04a/b798/moo.ctsdotcom1/index.php on line 17
[24-Oct-2015 13:32:36 EST5EDT] PHP Notice:  Undefined index: user in /hermes/walnaweb04a/b798/moo.ctsdotcom1/index.php on line 18
[24-Oct-2015 13:32:36 EST5EDT] PHP Notice:  Undefined variable: test_strap in /hermes/walnaweb04a/b798/moo.ctsdotcom1/sidebar.php on line 39
[24-Oct-2015 13:32:36 EST5EDT] PHP Notice:  Undefined variable: test_strap in /hermes/walnaweb04a/b798/moo.ctsdotcom1/sidebar.php on line 57
[24-Oct-2015 13:32:36 EST5EDT] PHP Notice:  Undefined variable: test_strap in /hermes/walnaweb04a/b798/moo.ctsdotcom1/tail.php on line 39
[24-Oct-2015 13:32:36 EST5EDT] PHP Notice:  Undefined variable: test_strap in /hermes/walnaweb04a/b798/moo.ctsdotcom1/tail.php on line 62
[24-Oct-2015 13:32:36 EST5EDT] PHP Notice:  Use of undefined constant DOCUMENT_ROOT - assumed 'DOCUMENT_ROOT' in /hermes/walnaweb04a/b798/moo.ctsdotcom1/widgets.php on line 24
[24-Oct-2015 13:32:36 EST5EDT] PHP Notice:  Use of undefined constant DOCUMENT_ROOT - assumed 'DOCUMENT_ROOT' in /hermes/walnaweb04a/b798/moo.ctsdotcom1/widgets.php on line 33
[24-Oct-2015 13:32:36 EST5EDT] PHP Notice:  Undefined variable: realestate_menu in /hermes/walnaweb04a/b798/moo.ctsdotcom1/index_menus_fix.php on line 359
[24-Oct-2015 13:32:36 EST5EDT] PHP Warning:  Unknown: open(/var/php_sessions/sess_281aaabb401ec169da007eec92665dd3, O_RDWR) failed: No such file or directory (2) in Unknown on line 0
[24-Oct-2015 13:32:36 EST5EDT] PHP Warning:  Unknown: Failed to write session data (files). Please verify that the current setting of session.save_path is correct (/var/php_sessions) in Unknown on line 0
[24-Oct-2015 13:32:53 EST5EDT] PHP Warning:  session_start() [<a href='function.session-start'>function.session-start</a>]: open(/var/php_sessions/sess_281aaabb401ec169da007eec92665dd3, O_RDWR) failed: No such file or directory (2) in /hermes/walnaweb04a/b798/moo.ctsdotcom1/index.php on line 16
[24-Oct-2015 13:32:53 EST5EDT] PHP Warning:  session_start() [<a href='function.session-start'>function.session-start</a>]: Cannot send session cache limiter - headers already sent (output started at /hermes/walnaweb04a/b798/moo.ctsdotcom1/index.php:16) in /hermes/walnaweb04a/b798/moo.ctsdotcom1/index.php on line 16
[24-Oct-2015 13:32:53 EST5EDT] PHP Notice:  Undefined index: area in /hermes/walnaweb04a/b798/moo.ctsdotcom1/index.php on line 17
[24-Oct-2015 13:32:53 EST5EDT] PHP Notice:  Undefined index: user in /hermes/walnaweb04a/b798/moo.ctsdotcom1/index.php on line 18
[24-Oct-2015 13:32:53 EST5EDT] PHP Notice:  Undefined variable: test_strap in /hermes/walnaweb04a/b798/moo.ctsdotcom1/sidebar.php on line 39
[24-Oct-2015 13:32:53 EST5EDT] PHP Notice:  Undefined variable: test_strap in /hermes/walnaweb04a/b798/moo.ctsdotcom1/sidebar.php on line 57
[24-Oct-2015 13:32:53 EST5EDT] PHP Notice:  Undefined variable: test_strap in /hermes/walnaweb04a/b798/moo.ctsdotcom1/tail.php on line 39
[24-Oct-2015 13:32:53 EST5EDT] PHP Notice:  Undefined variable: test_strap in /hermes/walnaweb04a/b798/moo.ctsdotcom1/tail.php on line 62
[24-Oct-2015 13:32:53 EST5EDT] PHP Notice:  Use of undefined constant DOCUMENT_ROOT - assumed 'DOCUMENT_ROOT' in /hermes/walnaweb04a/b798/moo.ctsdotcom1/widgets.php on line 24
[24-Oct-2015 13:32:53 EST5EDT] PHP Notice:  Use of undefined constant DOCUMENT_ROOT - assumed 'DOCUMENT_ROOT' in /hermes/walnaweb04a/b798/moo.ctsdotcom1/widgets.php on line 33
[24-Oct-2015 13:32:53 EST5EDT] PHP Notice:  Undefined variable: realestate_menu in /hermes/walnaweb04a/b798/moo.ctsdotcom1/index_menus_fix.php on line 359
[24-Oct-2015 13:32:53 EST5EDT] PHP Warning:  Unknown: open(/var/php_sessions/sess_281aaabb401ec169da007eec92665dd3, O_RDWR) failed: No such file or directory (2) in Unknown on line 0
[24-Oct-2015 13:32:53 EST5EDT] PHP Warning:  Unknown: Failed to write session data (files). Please verify that the current setting of session.save_path is correct (/var/php_sessions) in Unknown on line 0
[24-Oct-2015 13:33:38 EST5EDT] PHP Warning:  session_start() [<a href='function.session-start'>function.session-start</a>]: open(/var/php_sessions/sess_281aaabb401ec169da007eec92665dd3, O_RDWR) failed: No such file or directory (2) in /hermes/walnaweb04a/b798/moo.ctsdotcom1/index.php on line 16
[24-Oct-2015 13:33:38 EST5EDT] PHP Warning:  session_start() [<a href='function.session-start'>function.session-start</a>]: Cannot send session cache limiter - headers already sent (output started at /hermes/walnaweb04a/b798/moo.ctsdotcom1/index.php:16) in /hermes/walnaweb04a/b798/moo.ctsdotcom1/index.php on line 16
[24-Oct-2015 13:33:38 EST5EDT] PHP Notice:  Undefined index: area in /hermes/walnaweb04a/b798/moo.ctsdotcom1/index.php on line 17
[24-Oct-2015 13:33:38 EST5EDT] PHP Notice:  Undefined index: user in /hermes/walnaweb04a/b798/moo.ctsdotcom1/index.php on line 18
[24-Oct-2015 13:33:38 EST5EDT] PHP Notice:  Undefined variable: test_strap in /hermes/walnaweb04a/b798/moo.ctsdotcom1/sidebar.php on line 39
[24-Oct-2015 13:33:38 EST5EDT] PHP Notice:  Undefined variable: test_strap in /hermes/walnaweb04a/b798/moo.ctsdotcom1/sidebar.php on line 57
[24-Oct-2015 13:33:38 EST5EDT] PHP Notice:  Undefined variable: test_strap in /hermes/walnaweb04a/b798/moo.ctsdotcom1/tail.php on line 39
[24-Oct-2015 13:33:38 EST5EDT] PHP Notice:  Undefined variable: test_strap in /hermes/walnaweb04a/b798/moo.ctsdotcom1/tail.php on line 62
[24-Oct-2015 13:33:38 EST5EDT] PHP Notice:  Use of undefined constant DOCUMENT_ROOT - assumed 'DOCUMENT_ROOT' in /hermes/walnaweb04a/b798/moo.ctsdotcom1/widgets.php on line 24
[24-Oct-2015 13:33:38 EST5EDT] PHP Notice:  Use of undefined constant DOCUMENT_ROOT - assumed 'DOCUMENT_ROOT' in /hermes/walnaweb04a/b798/moo.ctsdotcom1/widgets.php on line 33
[24-Oct-2015 13:33:38 EST5EDT] PHP Notice:  Undefined variable: realestate_menu in /hermes/walnaweb04a/b798/moo.ctsdotcom1/index_menus_fix.php on line 359
[24-Oct-2015 13:33:38 EST5EDT] PHP Warning:  Unknown: open(/var/php_sessions/sess_281aaabb401ec169da007eec92665dd3, O_RDWR) failed: No such file or directory (2) in Unknown on line 0
[24-Oct-2015 13:33:38 EST5EDT] PHP Warning:  Unknown: Failed to write session data (files). Please verify that the current setting of session.save_path is correct (/var/php_sessions) in Unknown on line 0
